Android/App-Perm (Código original)/app/build/intermediates/manifest_merge_blame_file/release/manifest-merger-blame-release-report.txt
1<?xml version="1.0" encoding="utf-8"?>
2<manifest xmlns:android="http://schemas.android.com/apk/res/android"
3    package="com.example.appPerm"
4    android:versionCode="1"
5    android:versionName="1.0" >
6
7    <uses-sdk
8        android:minSdkVersion="33"
9        android:targetSdkVersion="33" />
10
11    <uses-feature
11-->src/main/AndroidManifest.xml:4:1-6:28
12        android:name="android.hardware.camera"
12-->src/main/AndroidManifest.xml:5:1-39
13        android:required="false" />
13-->src/main/AndroidManifest.xml:6:1-25
14    <uses-feature
14-->src/main/AndroidManifest.xml:7:1-9:28
15        android:name="android.hardware.telephony"
15-->src/main/AndroidManifest.xml:8:1-42
16        android:required="false" />
16-->src/main/AndroidManifest.xml:9:1-25
17
18    <permission-group
18-->src/main/AndroidManifest.xml:10:5-13:38
19        android:name="appperm.permission-group.TEST_GROUP"
19-->src/main/AndroidManifest.xml:11:9-59
20        android:description="@string/descripcion_grupo_prueba"
20-->src/main/AndroidManifest.xml:12:9-63
21        android:label="TEST_GROUP" />
21-->src/main/AndroidManifest.xml:13:9-35
22    <permission-group
22-->src/main/AndroidManifest.xml:14:5-17:38
23        android:name="appperm.permission-group.TEST_GROUP1"
23-->src/main/AndroidManifest.xml:15:9-60
24        android:description="@string/descripcion_grupo_prueba"
24-->src/main/AndroidManifest.xml:16:9-63
25        android:label="TEST_GROUP" />
25-->src/main/AndroidManifest.xml:17:9-35
26
27    <permission
27-->src/main/AndroidManifest.xml:18:5-22:60
28        android:name="appperm.permission.TEST_PERMISSION1"
28-->src/main/AndroidManifest.xml:19:9-59
29        android:description="@string/descripción_prueba1"
29-->src/main/AndroidManifest.xml:22:9-58
30        android:permissionGroup="appperm.permission-group.TEST_GROUP"
30-->src/main/AndroidManifest.xml:21:9-70
31        android:protectionLevel="normal" />
31-->src/main/AndroidManifest.xml:20:9-41
32    <permission
32-->src/main/AndroidManifest.xml:23:5-26:60
33        android:name="appperm.permission.TEST_PERMISSION2"
33-->src/main/AndroidManifest.xml:24:9-59
34        android:description="@string/descripción_prueba2"
34-->src/main/AndroidManifest.xml:26:9-58
35        android:protectionLevel="dangerous" />
35-->src/main/AndroidManifest.xml:25:9-44
36    <permission
36-->src/main/AndroidManifest.xml:27:5-31:60
37        android:name="appperm.permission.TEST_PERMISSION3"
37-->src/main/AndroidManifest.xml:28:9-59
38        android:description="@string/descripción_prueba3"
38-->src/main/AndroidManifest.xml:31:9-58
39        android:permissionGroup="appperm.permission-group.TEST_GROUP"
39-->src/main/AndroidManifest.xml:30:9-70
40        android:protectionLevel="signature" />
40-->src/main/AndroidManifest.xml:29:9-44
41
42    <uses-permission android:name="appperm.permission.TEST_PERMISSION1" />
42-->src/main/AndroidManifest.xml:33:5-74
42-->src/main/AndroidManifest.xml:33:22-72
43    <uses-permission android:name="appperm.permission.TEST_PERMISSION2" />
43-->src/main/AndroidManifest.xml:34:5-74
43-->src/main/AndroidManifest.xml:34:22-72
44    <uses-permission android:name="appperm.permission.TEST_PERMISSION3" />
44-->src/main/AndroidManifest.xml:35:5-74
44-->src/main/AndroidManifest.xml:35:22-72
45    <uses-permission android:name="android.permission.GET_PERMISSIONS" />
45-->src/main/AndroidManifest.xml:36:5-74
45-->src/main/AndroidManifest.xml:36:22-71
46    <uses-permission android:name="android.permission.CAMERA" />
46-->src/main/AndroidManifest.xml:37:5-65
46-->src/main/AndroidManifest.xml:37:22-62
47    <uses-permission android:name="android.permission.GET_PERMISSIONS" />
47-->src/main/AndroidManifest.xml:36:5-74
47-->src/main/AndroidManifest.xml:36:22-71
48    <uses-permission android:name="android.permission.GET_PERMISSIONS_REVOKE_RESULT" />
48-->src/main/AndroidManifest.xml:39:5-88
48-->src/main/AndroidManifest.xml:39:22-85
49    <uses-permission android:name="android.permission.GET_META_DATA" />
49-->src/main/AndroidManifest.xml:40:5-72
49-->src/main/AndroidManifest.xml:40:22-69
50    <uses-permission android:name="android.permission.ACCEPT_HANDOVER" />
50-->src/main/AndroidManifest.xml:41:5-74
50-->src/main/AndroidManifest.xml:41:22-71
51    <uses-permission android:name="android.permission.ACCESS_BACKGROUND_LOCATION" />
51-->src/main/AndroidManifest.xml:42:5-85
51-->src/main/AndroidManifest.xml:42:22-82
52    <uses-permission android:name="android.permission.ACCESS_COARSE_LOCATION" />
52-->src/main/AndroidManifest.xml:43:5-81
52-->src/main/AndroidManifest.xml:43:22-78
53    <uses-permission android:name="android.permission.ACCESS_FINE_LOCATION" />
53-->src/main/AndroidManifest.xml:44:5-79
53-->src/main/AndroidManifest.xml:44:22-76
54    <uses-permission android:name="android.permission.ACCESS_MEDIA_LOCATION" />
54-->src/main/AndroidManifest.xml:45:5-80
54-->src/main/AndroidManifest.xml:45:22-77
55    <uses-permission android:name="android.permission.ACTIVITY_RECOGNITION" />
55-->src/main/AndroidManifest.xml:46:5-79
55-->src/main/AndroidManifest.xml:46:22-76
56    <uses-permission android:name="com.android.voicemail.permission.ADD_VOICEMAIL" />
56-->src/main/AndroidManifest.xml:47:5-86
56-->src/main/AndroidManifest.xml:47:22-83
57    <uses-permission android:name="android.permission.ANSWER_PHONE_CALLS" />
57-->src/main/AndroidManifest.xml:48:5-77
57-->src/main/AndroidManifest.xml:48:22-74
58    <uses-permission android:name="android.permission.BIND_CREDENTIAL_PROVIDER_SERVICE" />
58-->src/main/AndroidManifest.xml:49:5-91
58-->src/main/AndroidManifest.xml:49:22-88
59    <uses-permission android:name="android.permission.BLUETOOTH_ADVERTISE" />
59-->src/main/AndroidManifest.xml:50:5-78
59-->src/main/AndroidManifest.xml:50:22-75
60    <uses-permission android:name="android.permission.BLUETOOTH_CONNECT" />
60-->src/main/AndroidManifest.xml:51:5-76
60-->src/main/AndroidManifest.xml:51:22-73
61    <uses-permission android:name="android.permission.BLUETOOTH_SCAN" />
61-->src/main/AndroidManifest.xml:52:5-73
61-->src/main/AndroidManifest.xml:52:22-70
62    <uses-permission android:name="android.permission.BODY_SENSORS" />
62-->src/main/AndroidManifest.xml:53:5-71
62-->src/main/AndroidManifest.xml:53:22-68
63    <uses-permission android:name="android.permission.BODY_SENSORS_BACKGROUND" />
63-->src/main/AndroidManifest.xml:54:5-82
63-->src/main/AndroidManifest.xml:54:22-79
64    <uses-permission android:name="android.permission.BROADCAST_STICK" />
64-->src/main/AndroidManifest.xml:55:5-74
64-->src/main/AndroidManifest.xml:55:22-71
65    <uses-permission android:name="android.permission.CALL_PHONE" />
65-->src/main/AndroidManifest.xml:56:5-69
65-->src/main/AndroidManifest.xml:56:22-66
66    <uses-permission android:name="android.permission.CREDENTIAL_MANAGER_SET_ORIGIN" />
66-->src/main/AndroidManifest.xml:57:5-88
66-->src/main/AndroidManifest.xml:57:22-85
67    <uses-permission android:name="android.permission.DELIVER_COMPANION_MESSAGES" />
67-->src/main/AndroidManifest.xml:58:5-85
67-->src/main/AndroidManifest.xml:58:22-82
68    <uses-permission android:name="android.permission.DETECT_SCREEN_CAPTURE" />
68-->src/main/AndroidManifest.xml:59:5-80
68-->src/main/AndroidManifest.xml:59:22-77
69    <uses-permission android:name="android.permission.ENFORCE_UPDATE_OWNERSHIP" />
69-->src/main/AndroidManifest.xml:60:5-83
69-->src/main/AndroidManifest.xml:60:22-80
70    <uses-permission android:name="android.permission.EXECUTE_APP_ACTION" />
70-->src/main/AndroidManifest.xml:61:5-77
70-->src/main/AndroidManifest.xml:61:22-74
71    <uses-permission android:name="android.permission.GET_ACCOUNTS" />
71-->src/main/AndroidManifest.xml:62:5-71
71-->src/main/AndroidManifest.xml:62:22-68
72    <uses-permission android:name="android.permission.HIGH_SAMPLING_RATE_SENSORS" />
72-->src/main/AndroidManifest.xml:63:5-85
72-->src/main/AndroidManifest.xml:63:22-82
73    <uses-permission android:name="com.android.launcher.permission.INSTALL_SHORTCUT" />
73-->src/main/AndroidManifest.xml:64:5-88
73-->src/main/AndroidManifest.xml:64:22-85
74    <uses-permission android:name="android.permission.LAUNCH_CAPTURE_CONTENT_ACTIVITY_FOR_NOTE" />
74-->src/main/AndroidManifest.xml:65:5-99
74-->src/main/AndroidManifest.xml:65:22-96
75    <uses-permission android:name="android.permission.MANAGE_DEVICE_LOCK_STATE" />
75-->src/main/AndroidManifest.xml:66:5-83
75-->src/main/AndroidManifest.xml:66:22-80
76    <uses-permission android:name="android.permission.MANAGE_DEVICE_POLICY_ACCESSIBILITY" />
76-->src/main/AndroidManifest.xml:67:5-93
76-->src/main/AndroidManifest.xml:67:22-90
77    <uses-permission android:name="android.permission.MANAGE_DEVICE_POLICY_ACCOUNT_MANAGEMENT" />
77-->src/main/AndroidManifest.xml:68:5-98
77-->src/main/AndroidManifest.xml:68:22-95
78    <uses-permission android:name="android.permission.MANAGE_DEVICE_POLICY_ACROSS_USERS" />
78-->src/main/AndroidManifest.xml:69:5-92
78-->src/main/AndroidManifest.xml:69:22-89
79    <uses-permission android:name="android.permission.MANAGE_DEVICE_POLICY_ACROSS_USERS_FULL" />
79-->src/main/AndroidManifest.xml:70:5-97
79-->src/main/AndroidManifest.xml:70:22-94
80    <uses-permission android:name="android.permission.MANAGE_DEVICE_POLICY_ACROSS_USERS_SECURITY_CRITICAL" />
80-->src/main/AndroidManifest.xml:71:5-110
80-->src/main/AndroidManifest.xml:71:22-107
81    <uses-permission android:name="android.permission.MANAGE_DEVICE_POLICY_AIRPLANE_MODE" />
81-->src/main/AndroidManifest.xml:72:5-93
81-->src/main/AndroidManifest.xml:72:22-90
82    <uses-permission android:name="android.permission.MANAGE_DEVICE_POLICY_APPS_CONTROL" />
82-->src/main/AndroidManifest.xml:73:5-92
82-->src/main/AndroidManifest.xml:73:22-89
83    <uses-permission android:name="android.permission.MANAGE_DEVICE_POLICY_APP_RESTRICTIONS" />
83-->src/main/AndroidManifest.xml:74:5-96
83-->src/main/AndroidManifest.xml:74:22-93
84    <uses-permission android:name="android.permission.MANAGE_DEVICE_POLICY_APP_USER_DATA" />
84-->src/main/AndroidManifest.xml:75:5-93
84-->src/main/AndroidManifest.xml:75:22-90
85    <uses-permission android:name="android.permission.MANAGE_DEVICE_POLICY_AUDIO_OUTPUT" />
85-->src/main/AndroidManifest.xml:76:5-92
85-->src/main/AndroidManifest.xml:76:22-89
86    <uses-permission android:name="android.permission.MANAGE_DEVICE_POLICY_AUTOFILL" />
86-->src/main/AndroidManifest.xml:77:5-88
86-->src/main/AndroidManifest.xml:77:22-85
87    <uses-permission android:name="android.permission.MANAGE_DEVICE_POLICY_BACKUP_SERVICE" />
87-->src/main/AndroidManifest.xml:78:5-94
87-->src/main/AndroidManifest.xml:78:22-91
88    <uses-permission android:name="android.permission.MANAGE_DEVICE_POLICY_BLUETOOTH" />
88-->src/main/AndroidManifest.xml:79:5-89
88-->src/main/AndroidManifest.xml:79:22-86
89    <uses-permission android:name="android.permission.MANAGE_DEVICE_POLICY_BUGREPORT" />
89-->src/main/AndroidManifest.xml:80:5-89
89-->src/main/AndroidManifest.xml:80:22-86
90    <uses-permission android:name="android.permission.MANAGE_DEVICE_POLICY_CALLS" />
90-->src/main/AndroidManifest.xml:81:5-85
90-->src/main/AndroidManifest.xml:81:22-82
91    <uses-permission android:name="android.permission.MANAGE_DEVICE_POLICY_CAMERA" />
91-->src/main/AndroidManifest.xml:82:5-86
91-->src/main/AndroidManifest.xml:82:22-83
92    <uses-permission android:name="android.permission.MANAGE_DEVICE_POLICY_CERTIFICATES" />
92-->src/main/AndroidManifest.xml:83:5-92
92-->src/main/AndroidManifest.xml:83:22-89
93    <uses-permission android:name="android.permission.MANAGE_DEVICE_POLICY_COMMON_CRITERIA_MODE" />
93-->src/main/AndroidManifest.xml:84:5-100
93-->src/main/AndroidManifest.xml:84:22-97
94    <uses-permission android:name="android.permission.MANAGE_DEVICE_POLICY_DEBUGGING_FEATURES" />
94-->src/main/AndroidManifest.xml:85:5-98
94-->src/main/AndroidManifest.xml:85:22-95
95    <uses-permission android:name="android.permission.MANAGE_DEVICE_POLICY_DEFAULT_SMS" />
95-->src/main/AndroidManifest.xml:86:5-91
95-->src/main/AndroidManifest.xml:86:22-88
96    <uses-permission android:name="android.permission.MANAGE_DEVICE_POLICY_DEVICE_IDENTIFIERS" />
96-->src/main/AndroidManifest.xml:87:5-98
96-->src/main/AndroidManifest.xml:87:22-95
97    <uses-permission android:name="android.permission.MANAGE_DEVICE_POLICY_DISPLAY" />
97-->src/main/AndroidManifest.xml:88:5-87
97-->src/main/AndroidManifest.xml:88:22-84
98    <uses-permission android:name="android.permission.MANAGE_DEVICE_POLICY_FACTORY_RESET" />
98-->src/main/AndroidManifest.xml:89:5-93
98-->src/main/AndroidManifest.xml:89:22-90
99    <uses-permission android:name="android.permission.MANAGE_DEVICE_POLICY_FUN" />
99-->src/main/AndroidManifest.xml:90:5-83
99-->src/main/AndroidManifest.xml:90:22-80
100    <uses-permission android:name="android.permission.MANAGE_DEVICE_POLICY_INPUT_METHODS" />
100-->src/main/AndroidManifest.xml:91:5-93
100-->src/main/AndroidManifest.xml:91:22-90
101    <uses-permission android:name="android.permission.MANAGE_DEVICE_POLICY_INSTALL_UNKNOWN_SOURCES" />
101-->src/main/AndroidManifest.xml:92:5-103
101-->src/main/AndroidManifest.xml:92:22-100
102    <uses-permission android:name="android.permission.MANAGE_DEVICE_POLICY_KEEP_UNINSTALLED_PACKAGES" />
102-->src/main/AndroidManifest.xml:93:5-105
102-->src/main/AndroidManifest.xml:93:22-102
103    <uses-permission android:name="android.permission.MANAGE_DEVICE_POLICY_KEYGUARD" />
103-->src/main/AndroidManifest.xml:94:5-88
103-->src/main/AndroidManifest.xml:94:22-85
104    <uses-permission android:name="android.permission.MANAGE_DEVICE_POLICY_LOCALE" />
104-->src/main/AndroidManifest.xml:95:5-86
104-->src/main/AndroidManifest.xml:95:22-83
105    <uses-permission android:name="android.permission.MANAGE_DEVICE_POLICY_LOCATION" />
105-->src/main/AndroidManifest.xml:96:5-88
105-->src/main/AndroidManifest.xml:96:22-85
106    <uses-permission android:name="android.permission.MANAGE_DEVICE_POLICY_LOCK" />
106-->src/main/AndroidManifest.xml:97:5-84
106-->src/main/AndroidManifest.xml:97:22-81
107    <uses-permission android:name="android.permission.MANAGE_DEVICE_POLICY_LOCK_CREDENTIALS" />
107-->src/main/AndroidManifest.xml:98:5-96
107-->src/main/AndroidManifest.xml:98:22-93
108    <uses-permission android:name="android.permission.MANAGE_DEVICE_POLICY_LOCK_TASK" />
108-->src/main/AndroidManifest.xml:99:5-89
108-->src/main/AndroidManifest.xml:99:22-86
109    <uses-permission android:name="android.permission.MANAGE_DEVICE_POLICY_METERED_DATA" />
109-->src/main/AndroidManifest.xml:100:5-92
109-->src/main/AndroidManifest.xml:100:22-89
110    <uses-permission android:name="android.permission.MANAGE_DEVICE_POLICY_MICROPHONE" />
110-->src/main/AndroidManifest.xml:101:5-90
110-->src/main/AndroidManifest.xml:101:22-87
111    <uses-permission android:name="android.permission.MANAGE_DEVICE_POLICY_MOBILE_NETWORK" />
111-->src/main/AndroidManifest.xml:102:5-94
111-->src/main/AndroidManifest.xml:102:22-91
112    <uses-permission android:name="android.permission.MANAGE_DEVICE_POLICY_MODIFY_USERS" />
112-->src/main/AndroidManifest.xml:103:5-92
112-->src/main/AndroidManifest.xml:103:22-89
113    <uses-permission android:name="android.permission.MANAGE_DEVICE_POLICY_MTE" />
113-->src/main/AndroidManifest.xml:104:5-83
113-->src/main/AndroidManifest.xml:104:22-80
114    <uses-permission android:name="android.permission.MANAGE_DEVICE_POLICY_NEARBY_COMMUNICATION" />
114-->src/main/AndroidManifest.xml:105:5-100
114-->src/main/AndroidManifest.xml:105:22-97
115    <uses-permission android:name="android.permission.MANAGE_DEVICE_POLICY_NETWORK_LOGGING" />
115-->src/main/AndroidManifest.xml:106:5-95
115-->src/main/AndroidManifest.xml:106:22-92
116    <uses-permission android:name="android.permission.MANAGE_DEVICE_POLICY_ORGANIZATION_IDENTITY" />
116-->src/main/AndroidManifest.xml:107:5-101
116-->src/main/AndroidManifest.xml:107:22-98
117    <uses-permission android:name="android.permission.MANAGE_DEVICE_POLICY_OVERRIDE_APN" />
117-->src/main/AndroidManifest.xml:108:5-92
117-->src/main/AndroidManifest.xml:108:22-89
118    <uses-permission android:name="android.permission.MANAGE_DEVICE_POLICY_PACKAGE_STATE" />
118-->src/main/AndroidManifest.xml:109:5-93
118-->src/main/AndroidManifest.xml:109:22-90
119    <uses-permission android:name="android.permission.MANAGE_DEVICE_POLICY_PHYSICAL_MEDIA" />
119-->src/main/AndroidManifest.xml:110:5-94
119-->src/main/AndroidManifest.xml:110:22-91
120    <uses-permission android:name="android.permission.MANAGE_DEVICE_POLICY_PRINTING" />
120-->src/main/AndroidManifest.xml:111:5-88
120-->src/main/AndroidManifest.xml:111:22-85
121    <uses-permission android:name="android.permission.MANAGE_DEVICE_POLICY_PRIVATE_DNS" />
121-->src/main/AndroidManifest.xml:112:5-91
121-->src/main/AndroidManifest.xml:112:22-88
122    <uses-permission android:name="android.permission.MANAGE_DEVICE_POLICY_PROFILES" />
122-->src/main/AndroidManifest.xml:113:5-88
122-->src/main/AndroidManifest.xml:113:22-85
123    <uses-permission android:name="android.permission.MANAGE_DEVICE_POLICY_PROFILE_INTERACTION" />
123-->src/main/AndroidManifest.xml:114:5-99
123-->src/main/AndroidManifest.xml:114:22-96
124    <uses-permission android:name="android.permission.MANAGE_DEVICE_POLICY_PROXY" />
124-->src/main/AndroidManifest.xml:115:5-85
124-->src/main/AndroidManifest.xml:115:22-82
125    <uses-permission android:name="android.permission.MANAGE_DEVICE_POLICY_QUERY_SYSTEM_UPDATES" />
125-->src/main/AndroidManifest.xml:116:5-100
125-->src/main/AndroidManifest.xml:116:22-97
126    <uses-permission android:name="android.permission.MANAGE_DEVICE_POLICY_RESET_PASSWORD" />
126-->src/main/AndroidManifest.xml:117:5-94
126-->src/main/AndroidManifest.xml:117:22-91
127    <uses-permission android:name="android.permission.MANAGE_DEVICE_POLICY_RESTRICT_PRIVATE_DNS" />
127-->src/main/AndroidManifest.xml:118:5-100
127-->src/main/AndroidManifest.xml:118:22-97
128    <uses-permission android:name="android.permission.MANAGE_DEVICE_POLICY_RUNTIME_PERMISSIONS" />
128-->src/main/AndroidManifest.xml:119:5-99
128-->src/main/AndroidManifest.xml:119:22-96
129    <uses-permission android:name="android.permission.MANAGE_DEVICE_POLICY_RUN_IN_BACKGROUND" />
129-->src/main/AndroidManifest.xml:120:5-97
129-->src/main/AndroidManifest.xml:120:22-94
130    <uses-permission android:name="android.permission.MANAGE_DEVICE_POLICY_SAFE_BOOT" />
130-->src/main/AndroidManifest.xml:121:5-89
130-->src/main/AndroidManifest.xml:121:22-86
131    <uses-permission android:name="android.permission.MANAGE_DEVICE_POLICY_SCREEN_CAPTURE" />
131-->src/main/AndroidManifest.xml:122:5-94
131-->src/main/AndroidManifest.xml:122:22-91
132    <uses-permission android:name="android.permission.MANAGE_DEVICE_POLICY_SCREEN_CONTENT" />
132-->src/main/AndroidManifest.xml:123:5-94
132-->src/main/AndroidManifest.xml:123:22-91
133    <uses-permission android:name="android.permission.MANAGE_DEVICE_POLICY_SECURITY_LOGGING" />
133-->src/main/AndroidManifest.xml:124:5-96
133-->src/main/AndroidManifest.xml:124:22-93
134    <uses-permission android:name="android.permission.MANAGE_DEVICE_POLICY_SETTINGS" />
134-->src/main/AndroidManifest.xml:125:5-88
134-->src/main/AndroidManifest.xml:125:22-85
135    <uses-permission android:name="android.permission.MANAGE_DEVICE_POLICY_SMS" />
135-->src/main/AndroidManifest.xml:126:5-83
135-->src/main/AndroidManifest.xml:126:22-80
136    <uses-permission android:name="android.permission.MANAGE_DEVICE_POLICY_STATUS_BAR" />
136-->src/main/AndroidManifest.xml:127:5-90
136-->src/main/AndroidManifest.xml:127:22-87
137    <uses-permission android:name="android.permission.MANAGE_DEVICE_POLICY_SUPPORT_MESSAGE" />
137-->src/main/AndroidManifest.xml:128:5-95
137-->src/main/AndroidManifest.xml:128:22-92
138    <uses-permission android:name="android.permission.MANAGE_DEVICE_POLICY_SUSPEND_PERSONAL_APPS" />
138-->src/main/AndroidManifest.xml:129:5-101
138-->src/main/AndroidManifest.xml:129:22-98
139    <uses-permission android:name="android.permission.MANAGE_DEVICE_POLICY_SYSTEM_APPS" />
139-->src/main/AndroidManifest.xml:130:5-91
139-->src/main/AndroidManifest.xml:130:22-88
140    <uses-permission android:name="android.permission.MANAGE_DEVICE_POLICY_SYSTEM_DIALOGS" />
140-->src/main/AndroidManifest.xml:131:5-94
140-->src/main/AndroidManifest.xml:131:22-91
141    <uses-permission android:name="android.permission.MANAGE_DEVICE_POLICY_SYSTEM_UPDATES" />
141-->src/main/AndroidManifest.xml:132:5-94
141-->src/main/AndroidManifest.xml:132:22-91
142    <uses-permission android:name="android.permission.MANAGE_DEVICE_POLICY_TIME" />
142-->src/main/AndroidManifest.xml:133:5-84
142-->src/main/AndroidManifest.xml:133:22-81
143    <uses-permission android:name="android.permission.MANAGE_DEVICE_POLICY_USB_DATA_SIGNALLING" />
143-->src/main/AndroidManifest.xml:134:5-99
143-->src/main/AndroidManifest.xml:134:22-96
144    <uses-permission android:name="android.permission.MANAGE_DEVICE_POLICY_USB_FILE_TRANSFER" />
144-->src/main/AndroidManifest.xml:135:5-97
144-->src/main/AndroidManifest.xml:135:22-94
145    <uses-permission android:name="android.permission.MANAGE_DEVICE_POLICY_USERS" />
145-->src/main/AndroidManifest.xml:136:5-85
145-->src/main/AndroidManifest.xml:136:22-82
146    <uses-permission android:name="android.permission.MANAGE_DEVICE_POLICY_VPN" />
146-->src/main/AndroidManifest.xml:137:5-83
146-->src/main/AndroidManifest.xml:137:22-80
147    <uses-permission android:name="android.permission.MANAGE_DEVICE_POLICY_WALLPAPER" />
147-->src/main/AndroidManifest.xml:138:5-89
147-->src/main/AndroidManifest.xml:138:22-86
148    <uses-permission android:name="android.permission.MANAGE_DEVICE_POLICY_WIFI" />
148-->src/main/AndroidManifest.xml:139:5-84
148-->src/main/AndroidManifest.xml:139:22-81
149    <uses-permission android:name="android.permission.MANAGE_DEVICE_POLICY_WINDOWS" />
149-->src/main/AndroidManifest.xml:140:5-87
149-->src/main/AndroidManifest.xml:140:22-84
150    <uses-permission android:name="android.permission.MANAGE_DEVICE_POLICY_WIPE_DATA" />
150-->src/main/AndroidManifest.xml:141:5-89
150-->src/main/AndroidManifest.xml:141:22-86
151    <uses-permission android:name="android.permission.MANAGE_EXTERNAL_STORAGE" />
151-->src/main/AndroidManifest.xml:142:5-82
151-->src/main/AndroidManifest.xml:142:22-79
152    <uses-permission android:name="android.permission.NEARBY_WIFI_DEVICES" />
152-->src/main/AndroidManifest.xml:143:5-78
152-->src/main/AndroidManifest.xml:143:22-75
153    <uses-permission android:name="android.permission.POST_NOTIFICATIONS" />
153-->src/main/AndroidManifest.xml:144:5-77
153-->src/main/AndroidManifest.xml:144:22-74
154    <uses-permission android:name="android.permission.READ_BASIC_PHONE_STATE" />
154-->src/main/AndroidManifest.xml:145:5-81
154-->src/main/AndroidManifest.xml:145:22-78
155    <uses-permission android:name="android.permission.READ_CALENDAR" />
155-->src/main/AndroidManifest.xml:146:5-72
155-->src/main/AndroidManifest.xml:146:22-69
156    <uses-permission android:name="android.permission.READ_CALL_LOG" />
156-->src/main/AndroidManifest.xml:147:5-72
156-->src/main/AndroidManifest.xml:147:22-69
157    <uses-permission android:name="android.permission.READ_CONTACTS" />
157-->src/main/AndroidManifest.xml:148:5-72
157-->src/main/AndroidManifest.xml:148:22-69
158    <uses-permission android:name="android.permission.READ_EXTERNAL_STORAGE" />
158-->src/main/AndroidManifest.xml:149:5-80
158-->src/main/AndroidManifest.xml:149:22-77
159    <uses-permission android:name="android.permission.READ_MEDIA_AUDIO" />
159-->src/main/AndroidManifest.xml:150:5-75
159-->src/main/AndroidManifest.xml:150:22-72
160    <uses-permission android:name="android.permission.READ_MEDIA_IMAGES" />
160-->src/main/AndroidManifest.xml:151:5-76
160-->src/main/AndroidManifest.xml:151:22-73
161    <uses-permission android:name="android.permission.READ_MEDIA_VIDEO" />
161-->src/main/AndroidManifest.xml:152:5-75
161-->src/main/AndroidManifest.xml:152:22-72
162    <uses-permission android:name="android.permission.READ_MEDIA_VISUAL_USER_SELECTED" />
162-->src/main/AndroidManifest.xml:153:5-90
162-->src/main/AndroidManifest.xml:153:22-87
163    <uses-permission android:name="android.permission.READ_PHONE_NUMBERS" />
163-->src/main/AndroidManifest.xml:154:5-77
163-->src/main/AndroidManifest.xml:154:22-74
164    <uses-permission android:name="android.permission.READ_PHONE_STATE" />
164-->src/main/AndroidManifest.xml:155:5-75
164-->src/main/AndroidManifest.xml:155:22-72
165    <uses-permission android:name="android.permission.READ_SMS" />
165-->src/main/AndroidManifest.xml:156:5-67
165-->src/main/AndroidManifest.xml:156:22-64
166    <uses-permission android:name="android.permission.RECEIVE_MMS" />
166-->src/main/AndroidManifest.xml:157:5-70
166-->src/main/AndroidManifest.xml:157:22-67
167    <uses-permission android:name="android.permission.RECEIVE_SMS" />
167-->src/main/AndroidManifest.xml:158:5-70
167-->src/main/AndroidManifest.xml:158:22-67
168    <uses-permission android:name="android.permission.RECEIVE_WAP_PUSH" />
168-->src/main/AndroidManifest.xml:159:5-75
168-->src/main/AndroidManifest.xml:159:22-72
169    <uses-permission android:name="android.permission.RECORD_AUDIO" />
169-->src/main/AndroidManifest.xml:160:5-71
169-->src/main/AndroidManifest.xml:160:22-68
170    <uses-permission android:name="android.permission.REQUEST_COMPANION_PROFILE_GLASSES" />
170-->src/main/AndroidManifest.xml:161:5-92
170-->src/main/AndroidManifest.xml:161:22-89
171    <uses-permission android:name="android.permission.REQUEST_COMPANION_PROFILE_NEARBY_DEVICE_STREAMING" />
171-->src/main/AndroidManifest.xml:162:5-108
171-->src/main/AndroidManifest.xml:162:22-105
172    <uses-permission android:name="android.permission.RUN_USER_INITIATED_JOBS" />
172-->src/main/AndroidManifest.xml:163:5-82
172-->src/main/AndroidManifest.xml:163:22-79
173    <uses-permission android:name="android.permission.SEND_SMS" />
173-->src/main/AndroidManifest.xml:164:5-67
173-->src/main/AndroidManifest.xml:164:22-64
174    <uses-permission android:name="com.android.alarm.permission.SET_ALARM" />
174-->src/main/AndroidManifest.xml:165:5-78
174-->src/main/AndroidManifest.xml:165:22-75
175    <uses-permission android:name="android.permission.TURN_SCREEN_ON" />
175-->src/main/AndroidManifest.xml:166:5-73
175-->src/main/AndroidManifest.xml:166:22-70
176    <uses-permission android:name="com.android.launcher.permission.UNINSTALL_SHORTCUT" />
176-->src/main/AndroidManifest.xml:167:5-90
176-->src/main/AndroidManifest.xml:167:22-87
177    <uses-permission android:name="android.permission.USE_BIOMETRIC" />
177-->src/main/AndroidManifest.xml:168:5-72
177-->src/main/AndroidManifest.xml:168:22-69
178    <uses-permission android:name="android.permission.USE_SIP" />
178-->src/main/AndroidManifest.xml:169:5-66
178-->src/main/AndroidManifest.xml:169:22-63
179    <uses-permission android:name="android.permission.UWB_RANGING" />
179-->src/main/AndroidManifest.xml:170:5-70
179-->src/main/AndroidManifest.xml:170:22-67
180    <uses-permission android:name="android.permission.WRITE_CALENDAR" />
180-->src/main/AndroidManifest.xml:171:5-73
180-->src/main/AndroidManifest.xml:171:22-70
181    <uses-permission android:name="android.permission.WRITE_CALL_LOG" />
181-->src/main/AndroidManifest.xml:172:5-73
181-->src/main/AndroidManifest.xml:172:22-70
182    <uses-permission android:name="android.permission.WRITE_CONTACTS" />
182-->src/main/AndroidManifest.xml:173:5-73
182-->src/main/AndroidManifest.xml:173:22-70
183    <uses-permission android:name="android.permission.WRITE_EXTERNAL_STORAGE" />
183-->src/main/AndroidManifest.xml:174:5-81
183-->src/main/AndroidManifest.xml:174:22-78
184    <uses-permission android:name="android.permission.RESTART_PACKAGES" />
184-->src/main/AndroidManifest.xml:175:5-75
184-->src/main/AndroidManifest.xml:175:22-72
185    <uses-permission android:name="android.permission.USE_CREDENTIALS" />
185-->src/main/AndroidManifest.xml:176:5-74
185-->src/main/AndroidManifest.xml:176:22-71
186    <uses-permission android:name="android.permission.MANAGE_HOTWORD_DETECTION" />
186-->src/main/AndroidManifest.xml:177:5-83
186-->src/main/AndroidManifest.xml:177:22-80
187    <uses-permission android:name="android.permission.MANAGE_ACCOUNTS" />
187-->src/main/AndroidManifest.xml:178:5-74
187-->src/main/AndroidManifest.xml:178:22-71
188    <uses-permission android:name="android.permission.BROADCAST_PHONE_ACCOUNT_REGISTRATION" />
188-->src/main/AndroidManifest.xml:179:5-95
188-->src/main/AndroidManifest.xml:179:22-92
189    <uses-permission android:name="android.permission.BROADCAST_CALLLOG_INFO" />
189-->src/main/AndroidManifest.xml:180:5-81
189-->src/main/AndroidManifest.xml:180:22-78
190    <uses-permission android:name="android.permission.PROCESS_PHONE_ACCOUNT_REGISTRATION" />
190-->src/main/AndroidManifest.xml:181:5-93
190-->src/main/AndroidManifest.xml:181:22-90
191    <uses-permission android:name="android.permission.SEND_DOWNLOAD_COMPLETED_INTENTS" />
191-->src/main/AndroidManifest.xml:182:5-90
191-->src/main/AndroidManifest.xml:182:22-87
192    <uses-permission android:name="android.permission.READ_GLOBAL_APP_SEARCH_DATA" />
192-->src/main/AndroidManifest.xml:183:5-86
192-->src/main/AndroidManifest.xml:183:22-83
193    <uses-permission android:name="android.permission.BYPASS_ROLE_QUALIFICATION" />
193-->src/main/AndroidManifest.xml:184:5-84
193-->src/main/AndroidManifest.xml:184:22-81
194    <uses-permission android:name="android.permission.PERSISTENT_ACTIVITY" />
194-->src/main/AndroidManifest.xml:185:5-78
194-->src/main/AndroidManifest.xml:185:22-75
195    <uses-permission android:name="android.permission.SUBSCRIBED_FEEDS_READ" />
195-->src/main/AndroidManifest.xml:186:5-80
195-->src/main/AndroidManifest.xml:186:22-77
196    <uses-permission android:name="android.permission.ACCESS_RCS_USER_CAPABILITY_EXCHANGE" />
196-->src/main/AndroidManifest.xml:187:5-94